<?xml version="1.0" encoding="UTF-8"?>
<!-- Generated by org.testng.reporters.JUnitReportReporter -->
<testsuite hostname="DESKTOP-9VL2DDV" failures="0" tests="1" name="practice.BatchList" time="2.522" errors="0" timestamp="2024-03-12T13:02:20 IST" skipped="0">
  <testcase classname="practice.BatchList" name="fetchLastConversation" time="2.522"/>
</testsuite> <!-- practice.BatchList -->
